<?xml version="1.0" encoding="UTF-8"?>
<coverage generated="1528758439217" clover="3.2.0">
  <project timestamp="1528758439217" name="All files">
    <metrics statements="40" coveredstatements="20" conditionals="7" coveredconditionals="2" methods="29" coveredmethods="14" elements="76" coveredelements="36" complexity="0" loc="40" ncloc="40" packages="2" files="3" classes="3">
      <package name="client">
        <metrics statements="1" coveredstatements="1" conditionals="0" coveredconditionals="0" methods="0" coveredmethods="0"/>
        <file name="setupTests.js" path="/Users/colemichaels/Desktop/FrontEndCapstone/client/setupTests.js">
          <metrics statements="1" coveredstatements="1" conditionals="0" coveredconditionals="0" methods="0" coveredmethods="0"/>
          <line num="4" count="2" type="stmt"/>
        </file>
      </package>
      <package name="client.components">
        <metrics statements="39" coveredstatements="19" conditionals="7" coveredconditionals="2" methods="29" coveredmethods="14"/>
        <file name="OtherProducts.jsx" path="/Users/colemichaels/Desktop/FrontEndCapstone/client/components/OtherProducts.jsx">
          <metrics statements="21" coveredstatements="9" conditionals="2" coveredconditionals="1" methods="14" coveredmethods="7"/>
          <line num="8" count="1" type="stmt"/>
          <line num="9" count="1" type="stmt"/>
          <line num="17" count="1" type="stmt"/>
          <line num="18" count="1" type="stmt"/>
          <line num="21" count="1" type="stmt"/>
          <line num="23" count="0" type="stmt"/>
          <line num="24" count="0" type="stmt"/>
          <line num="25" count="1" type="stmt"/>
          <line num="28" count="1" type="stmt"/>
          <line num="30" count="0" type="stmt"/>
          <line num="32" count="0" type="stmt"/>
          <line num="34" count="0" type="stmt"/>
          <line num="36" count="0" type="stmt"/>
          <line num="37" count="0" type="stmt"/>
          <line num="38" count="0" type="stmt"/>
          <line num="39" count="0" type="stmt"/>
          <line num="43" count="0" type="stmt"/>
          <line num="44" count="0" type="stmt"/>
          <line num="47" count="1" type="stmt"/>
          <line num="50" count="1" type="stmt"/>
          <line num="58" count="0" type="stmt"/>
        </file>
        <file name="SellerInfo.jsx" path="/Users/colemichaels/Desktop/FrontEndCapstone/client/components/SellerInfo.jsx">
          <metrics statements="18" coveredstatements="10" conditionals="5" coveredconditionals="1" methods="15" coveredmethods="7"/>
          <line num="7" count="2" type="stmt"/>
          <line num="8" count="2" type="stmt"/>
          <line num="14" count="2" type="stmt"/>
          <line num="15" count="2" type="stmt"/>
          <line num="16" count="2" type="stmt"/>
          <line num="19" count="2" type="stmt"/>
          <line num="21" count="0" type="stmt"/>
          <line num="22" count="0" type="stmt"/>
          <line num="23" count="2" type="stmt"/>
          <line num="26" count="2" type="stmt"/>
          <line num="28" count="0" type="stmt"/>
          <line num="29" count="0" type="stmt"/>
          <line num="30" count="2" type="stmt"/>
          <line num="33" count="0" type="stmt"/>
          <line num="35" count="0" type="stmt"/>
          <line num="36" count="0" type="stmt"/>
          <line num="39" count="2" type="stmt"/>
          <line num="58" count="0" type="stmt"/>
        </file>
      </package>
    </metrics>
  </project>
</coverage>
