{"/Users/colemichaels/Desktop/FEC project/seller-info-component/client/setupTests.js": {"path":"/Users/colemichaels/Desktop/FEC project/seller-info-component/client/setupTests.js","statementMap":{"0":{"start":{"line":4,"column":0},"end":{"line":4,"column":38}}},"fnMap":{},"branchMap":{},"s":{"0":2},"f":{},"b":{},"_coverageSchema":"332fd63041d2c1bcb487cc26dd0d5f7d97098a6c","hash":"2d571c9027bf3838d593b80bdf99763480054b00"}
,"/Users/colemichaels/Desktop/FEC project/seller-info-component/client/components/OtherProducts.jsx": {"path":"/Users/colemichaels/Desktop/FEC project/seller-info-component/client/components/OtherProducts.jsx","statementMap":{"0":{"start":{"line":8,"column":4},"end":{"line":8,"column":12}},"1":{"start":{"line":9,"column":4},"end":{"line":14,"column":6}},"2":{"start":{"line":17,"column":4},"end":{"line":17,"column":19}},"3":{"start":{"line":18,"column":4},"end":{"line":18,"column":19}},"4":{"start":{"line":21,"column":4},"end":{"line":25,"column":65}},"5":{"start":{"line":23,"column":19},"end":{"line":23,"column":55}},"6":{"start":{"line":24,"column":18},"end":{"line":24,"column":74}},"7":{"start":{"line":25,"column":20},"end":{"line":25,"column":63}},"8":{"start":{"line":28,"column":4},"end":{"line":47,"column":38}},"9":{"start":{"line":30,"column":19},"end":{"line":30,"column":56}},"10":{"start":{"line":32,"column":8},"end":{"line":45,"column":13}},"11":{"start":{"line":34,"column":23},"end":{"line":34,"column":58}},"12":{"start":{"line":36,"column":23},"end":{"line":36,"column":48}},"13":{"start":{"line":37,"column":12},"end":{"line":42,"column":13}},"14":{"start":{"line":38,"column":14},"end":{"line":38,"column":64}},"15":{"start":{"line":39,"column":14},"end":{"line":41,"column":39}},"16":{"start":{"line":43,"column":26},"end":{"line":43,"column":53}},"17":{"start":{"line":44,"column":12},"end":{"line":44,"column":48}},"18":{"start":{"line":47,"column":20},"end":{"line":47,"column":36}},"19":{"start":{"line":50,"column":4},"end":{"line":82,"column":6}},"20":{"start":{"line":58,"column":18},"end":{"line":76,"column":23}}},"fnMap":{"0":{"name":"(anonymous_0)","decl":{"start":{"line":7,"column":2},"end":{"line":7,"column":3}},"loc":{"start":{"line":7,"column":16},"end":{"line":15,"column":3}},"line":7},"1":{"name":"(anonymous_1)","decl":{"start":{"line":16,"column":2},"end":{"line":16,"column":3}},"loc":{"start":{"line":16,"column":22},"end":{"line":19,"column":3}},"line":16},"2":{"name":"(anonymous_2)","decl":{"start":{"line":20,"column":2},"end":{"line":20,"column":3}},"loc":{"start":{"line":20,"column":12},"end":{"line":26,"column":3}},"line":20},"3":{"name":"(anonymous_3)","decl":{"start":{"line":23,"column":12},"end":{"line":23,"column":13}},"loc":{"start":{"line":23,"column":19},"end":{"line":23,"column":55}},"line":23},"4":{"name":"(anonymous_4)","decl":{"start":{"line":24,"column":12},"end":{"line":24,"column":13}},"loc":{"start":{"line":24,"column":18},"end":{"line":24,"column":74}},"line":24},"5":{"name":"(anonymous_5)","decl":{"start":{"line":25,"column":13},"end":{"line":25,"column":14}},"loc":{"start":{"line":25,"column":20},"end":{"line":25,"column":63}},"line":25},"6":{"name":"(anonymous_6)","decl":{"start":{"line":27,"column":2},"end":{"line":27,"column":3}},"loc":{"start":{"line":27,"column":12},"end":{"line":48,"column":3}},"line":27},"7":{"name":"(anonymous_7)","decl":{"start":{"line":30,"column":12},"end":{"line":30,"column":13}},"loc":{"start":{"line":30,"column":19},"end":{"line":30,"column":56}},"line":30},"8":{"name":"(anonymous_8)","decl":{"start":{"line":31,"column":12},"end":{"line":31,"column":13}},"loc":{"start":{"line":31,"column":18},"end":{"line":46,"column":7}},"line":31},"9":{"name":"(anonymous_9)","decl":{"start":{"line":34,"column":16},"end":{"line":34,"column":17}},"loc":{"start":{"line":34,"column":23},"end":{"line":34,"column":58}},"line":34},"10":{"name":"(anonymous_10)","decl":{"start":{"line":35,"column":16},"end":{"line":35,"column":17}},"loc":{"start":{"line":35,"column":22},"end":{"line":45,"column":11}},"line":35},"11":{"name":"(anonymous_11)","decl":{"start":{"line":47,"column":13},"end":{"line":47,"column":14}},"loc":{"start":{"line":47,"column":20},"end":{"line":47,"column":36}},"line":47},"12":{"name":"(anonymous_12)","decl":{"start":{"line":49,"column":2},"end":{"line":49,"column":3}},"loc":{"start":{"line":49,"column":11},"end":{"line":83,"column":3}},"line":49},"13":{"name":"(anonymous_13)","decl":{"start":{"line":57,"column":39},"end":{"line":57,"column":40}},"loc":{"start":{"line":58,"column":18},"end":{"line":76,"column":23}},"line":58}},"branchMap":{"0":{"loc":{"start":{"line":56,"column":15},"end":{"line":77,"column":18}},"type":"binary-expr","locations":[{"start":{"line":56,"column":15},"end":{"line":56,"column":33}},{"start":{"line":57,"column":16},"end":{"line":77,"column":18}}],"line":56}},"s":{"0":1,"1":1,"2":1,"3":1,"4":1,"5":0,"6":0,"7":0,"8":1,"9":0,"10":0,"11":0,"12":0,"13":0,"14":0,"15":0,"16":0,"17":0,"18":0,"19":1,"20":0},"f":{"0":1,"1":1,"2":1,"3":0,"4":0,"5":0,"6":1,"7":0,"8":0,"9":0,"10":0,"11":0,"12":1,"13":0},"b":{"0":[1,0]},"_coverageSchema":"332fd63041d2c1bcb487cc26dd0d5f7d97098a6c","hash":"7b2c82a5b5d5c0b3186062de95489554dde4988b"}
,"/Users/colemichaels/Desktop/FEC project/seller-info-component/client/components/SellerInfo.jsx": {"path":"/Users/colemichaels/Desktop/FEC project/seller-info-component/client/components/SellerInfo.jsx","statementMap":{"0":{"start":{"line":7,"column":4},"end":{"line":7,"column":12}},"1":{"start":{"line":8,"column":4},"end":{"line":11,"column":6}},"2":{"start":{"line":14,"column":4},"end":{"line":14,"column":19}},"3":{"start":{"line":15,"column":4},"end":{"line":15,"column":25}},"4":{"start":{"line":16,"column":4},"end":{"line":16,"column":14}},"5":{"start":{"line":19,"column":4},"end":{"line":23,"column":65}},"6":{"start":{"line":21,"column":19},"end":{"line":21,"column":55}},"7":{"start":{"line":22,"column":18},"end":{"line":22,"column":49}},"8":{"start":{"line":23,"column":20},"end":{"line":23,"column":63}},"9":{"start":{"line":26,"column":4},"end":{"line":30,"column":59}},"10":{"start":{"line":28,"column":19},"end":{"line":28,"column":61}},"11":{"start":{"line":29,"column":18},"end":{"line":29,"column":76}},"12":{"start":{"line":30,"column":20},"end":{"line":30,"column":57}},"13":{"start":{"line":33,"column":4},"end":{"line":36,"column":63}},"14":{"start":{"line":35,"column":19},"end":{"line":35,"column":57}},"15":{"start":{"line":36,"column":20},"end":{"line":36,"column":61}},"16":{"start":{"line":39,"column":4},"end":{"line":78,"column":6}},"17":{"start":{"line":58,"column":33},"end":{"line":58,"column":68}}},"fnMap":{"0":{"name":"(anonymous_0)","decl":{"start":{"line":6,"column":2},"end":{"line":6,"column":3}},"loc":{"start":{"line":6,"column":16},"end":{"line":12,"column":3}},"line":6},"1":{"name":"(anonymous_1)","decl":{"start":{"line":13,"column":2},"end":{"line":13,"column":3}},"loc":{"start":{"line":13,"column":22},"end":{"line":17,"column":3}},"line":13},"2":{"name":"(anonymous_2)","decl":{"start":{"line":18,"column":2},"end":{"line":18,"column":3}},"loc":{"start":{"line":18,"column":12},"end":{"line":24,"column":3}},"line":18},"3":{"name":"(anonymous_3)","decl":{"start":{"line":21,"column":12},"end":{"line":21,"column":13}},"loc":{"start":{"line":21,"column":19},"end":{"line":21,"column":55}},"line":21},"4":{"name":"(anonymous_4)","decl":{"start":{"line":22,"column":12},"end":{"line":22,"column":13}},"loc":{"start":{"line":22,"column":18},"end":{"line":22,"column":49}},"line":22},"5":{"name":"(anonymous_5)","decl":{"start":{"line":23,"column":13},"end":{"line":23,"column":14}},"loc":{"start":{"line":23,"column":20},"end":{"line":23,"column":63}},"line":23},"6":{"name":"(anonymous_6)","decl":{"start":{"line":25,"column":2},"end":{"line":25,"column":3}},"loc":{"start":{"line":25,"column":18},"end":{"line":31,"column":3}},"line":25},"7":{"name":"(anonymous_7)","decl":{"start":{"line":28,"column":12},"end":{"line":28,"column":13}},"loc":{"start":{"line":28,"column":19},"end":{"line":28,"column":61}},"line":28},"8":{"name":"(anonymous_8)","decl":{"start":{"line":29,"column":12},"end":{"line":29,"column":13}},"loc":{"start":{"line":29,"column":18},"end":{"line":29,"column":76}},"line":29},"9":{"name":"(anonymous_9)","decl":{"start":{"line":30,"column":13},"end":{"line":30,"column":14}},"loc":{"start":{"line":30,"column":20},"end":{"line":30,"column":57}},"line":30},"10":{"name":"(anonymous_10)","decl":{"start":{"line":32,"column":2},"end":{"line":32,"column":3}},"loc":{"start":{"line":32,"column":11},"end":{"line":37,"column":3}},"line":32},"11":{"name":"(anonymous_11)","decl":{"start":{"line":35,"column":12},"end":{"line":35,"column":13}},"loc":{"start":{"line":35,"column":19},"end":{"line":35,"column":57}},"line":35},"12":{"name":"(anonymous_12)","decl":{"start":{"line":36,"column":13},"end":{"line":36,"column":14}},"loc":{"start":{"line":36,"column":20},"end":{"line":36,"column":61}},"line":36},"13":{"name":"(anonymous_13)","decl":{"start":{"line":38,"column":2},"end":{"line":38,"column":3}},"loc":{"start":{"line":38,"column":11},"end":{"line":79,"column":3}},"line":38},"14":{"name":"(anonymous_14)","decl":{"start":{"line":58,"column":27},"end":{"line":58,"column":28}},"loc":{"start":{"line":58,"column":33},"end":{"line":58,"column":68}},"line":58}},"branchMap":{"0":{"loc":{"start":{"line":41,"column":9},"end":{"line":76,"column":11}},"type":"binary-expr","locations":[{"start":{"line":41,"column":9},"end":{"line":41,"column":27}},{"start":{"line":42,"column":10},"end":{"line":42,"column":34}},{"start":{"line":43,"column":12},"end":{"line":75,"column":18}}],"line":41},"1":{"loc":{"start":{"line":61,"column":19},"end":{"line":61,"column":60}},"type":"cond-expr","locations":[{"start":{"line":61,"column":51},"end":{"line":61,"column":54}},{"start":{"line":61,"column":57},"end":{"line":61,"column":60}}],"line":61}},"s":{"0":2,"1":2,"2":2,"3":2,"4":2,"5":2,"6":0,"7":0,"8":0,"9":2,"10":0,"11":0,"12":0,"13":0,"14":0,"15":0,"16":2,"17":0},"f":{"0":2,"1":2,"2":2,"3":0,"4":0,"5":0,"6":2,"7":0,"8":0,"9":0,"10":0,"11":0,"12":0,"13":2,"14":0},"b":{"0":[2,0,0],"1":[0,0]},"_coverageSchema":"332fd63041d2c1bcb487cc26dd0d5f7d97098a6c","hash":"c00978ca31c9adda3ba5e9873b0ffa78a31a18db"}
}
