TN:
SF:/Users/colemichaels/Desktop/FEC project/seller-info-component/client/setupTests.js
FNF:0
FNH:0
DA:4,2
LF:1
LH:1
BRF:0
BRH:0
end_of_record
TN:
SF:/Users/colemichaels/Desktop/FEC project/seller-info-component/client/components/OtherProducts.jsx
FN:7,(anonymous_0)
FN:16,(anonymous_1)
FN:20,(anonymous_2)
FN:23,(anonymous_3)
FN:24,(anonymous_4)
FN:25,(anonymous_5)
FN:27,(anonymous_6)
FN:30,(anonymous_7)
FN:31,(anonymous_8)
FN:34,(anonymous_9)
FN:35,(anonymous_10)
FN:47,(anonymous_11)
FN:49,(anonymous_12)
FN:57,(anonymous_13)
FNF:14
FNH:5
FNDA:1,(anonymous_0)
FNDA:1,(anonymous_1)
FNDA:1,(anonymous_2)
FNDA:0,(anonymous_3)
FNDA:0,(anonymous_4)
FNDA:0,(anonymous_5)
FNDA:1,(anonymous_6)
FNDA:0,(anonymous_7)
FNDA:0,(anonymous_8)
FNDA:0,(anonymous_9)
FNDA:0,(anonymous_10)
FNDA:0,(anonymous_11)
FNDA:1,(anonymous_12)
FNDA:0,(anonymous_13)
DA:8,1
DA:9,1
DA:17,1
DA:18,1
DA:21,1
DA:23,0
DA:24,0
DA:25,0
DA:28,1
DA:30,0
DA:32,0
DA:34,0
DA:36,0
DA:37,0
DA:38,0
DA:39,0
DA:43,0
DA:44,0
DA:47,0
DA:50,1
DA:58,0
LF:21
LH:7
BRDA:56,0,0,1
BRDA:56,0,1,0
BRF:2
BRH:1
end_of_record
TN:
SF:/Users/colemichaels/Desktop/FEC project/seller-info-component/client/components/SellerInfo.jsx
FN:6,(anonymous_0)
FN:13,(anonymous_1)
FN:18,(anonymous_2)
FN:21,(anonymous_3)
FN:22,(anonymous_4)
FN:23,(anonymous_5)
FN:25,(anonymous_6)
FN:28,(anonymous_7)
FN:29,(anonymous_8)
FN:30,(anonymous_9)
FN:32,(anonymous_10)
FN:35,(anonymous_11)
FN:36,(anonymous_12)
FN:38,(anonymous_13)
FN:58,(anonymous_14)
FNF:15
FNH:5
FNDA:2,(anonymous_0)
FNDA:2,(anonymous_1)
FNDA:2,(anonymous_2)
FNDA:0,(anonymous_3)
FNDA:0,(anonymous_4)
FNDA:0,(anonymous_5)
FNDA:2,(anonymous_6)
FNDA:0,(anonymous_7)
FNDA:0,(anonymous_8)
FNDA:0,(anonymous_9)
FNDA:0,(anonymous_10)
FNDA:0,(anonymous_11)
FNDA:0,(anonymous_12)
FNDA:2,(anonymous_13)
FNDA:0,(anonymous_14)
DA:7,2
DA:8,2
DA:14,2
DA:15,2
DA:16,2
DA:19,2
DA:21,0
DA:22,0
DA:23,0
DA:26,2
DA:28,0
DA:29,0
DA:30,0
DA:33,0
DA:35,0
DA:36,0
DA:39,2
DA:58,0
LF:18
LH:8
BRDA:41,0,0,2
BRDA:41,0,1,0
BRDA:41,0,2,0
BRDA:61,1,0,0
BRDA:61,1,1,0
BRF:5
BRH:1
end_of_record
